C:\Program Files (x86)\MSBuild\Microsoft.Cpp\v4.0\V140\Microsoft.CppBuild.targets(392,5): warning MSB8028: The intermediate directory (obj\Debug\) contains files shared from another project (SPIKE_OPEN_FOOTSTEPS.vcxproj).  This can lead to incorrect clean and rebuild behavior.
  main.cpp
  ofApp.cpp
  FlowingBorders.cpp
  Footsteps.cpp
  KinectData.cpp
  NoiseTerrain.cpp
  StepsGrid.cpp
  ofxDelaunay.cpp
  Delaunay.cpp
  ofxBaseGui.cpp
  ofxButton.cpp
  ofxGuiGroup.cpp
  ofxLabel.cpp
C:\of_v0.9.8_vs_release\libs\openFrameworks\math\ofMatrix4x4.h(320): warning C4267: 'argument': conversion from 'size_t' to 'int', possible loss of data (compiling source file ..\..\..\..\..\of_v0.9.8_vs_release\addons\ofxGui\src\ofxBaseGui.cpp)
C:\of_v0.9.8_vs_release\libs\openFrameworks\math\ofMatrix4x4.h(325): warning C4267: 'argument': conversion from 'size_t' to 'int', possible loss of data (compiling source file ..\..\..\..\..\of_v0.9.8_vs_release\addons\ofxGui\src\ofxBaseGui.cpp)
C:\of_v0.9.8_vs_release\libs\openFrameworks\math\ofMatrix4x4.h(320): warning C4267: 'argument': conversion from 'size_t' to 'int', possible loss of data (compiling source file ..\..\..\..\..\of_v0.9.8_vs_release\addons\ofxGui\src\ofxGuiGroup.cpp)
C:\of_v0.9.8_vs_release\libs\openFrameworks\math\ofMatrix4x4.h(325): warning C4267: 'argument': conversion from 'size_t' to 'int', possible loss of data (compiling source file ..\..\..\..\..\of_v0.9.8_vs_release\addons\ofxGui\src\ofxGuiGroup.cpp)
C:\of_v0.9.8_vs_release\libs\openFrameworks\math\ofMatrix4x4.h(969): warning C4267: 'argument': conversion from 'size_t' to 'int', possible loss of data (compiling source file ..\..\..\..\..\of_v0.9.8_vs_release\addons\ofxGui\src\ofxBaseGui.cpp)
C:\of_v0.9.8_vs_release\libs\openFrameworks\math\ofMatrix4x4.h(970): warning C4267: 'argument': conversion from 'size_t' to 'int', possible loss of data (compiling source file ..\..\..\..\..\of_v0.9.8_vs_release\addons\ofxGui\src\ofxBaseGui.cpp)
C:\of_v0.9.8_vs_release\libs\openFrameworks\math\ofMatrix4x4.h(971): warning C4267: 'argument': conversion from 'size_t' to 'int', possible loss of data (compiling source file ..\..\..\..\..\of_v0.9.8_vs_release\addons\ofxGui\src\ofxBaseGui.cpp)
C:\of_v0.9.8_vs_release\libs\openFrameworks\math\ofMatrix4x4.h(972): warning C4267: 'argument': conversion from 'size_t' to 'int', possible loss of data (compiling source file ..\..\..\..\..\of_v0.9.8_vs_release\addons\ofxGui\src\ofxBaseGui.cpp)
C:\of_v0.9.8_vs_release\libs\openFrameworks\math\ofMatrix4x4.h(969): warning C4267: 'argument': conversion from 'size_t' to 'int', possible loss of data (compiling source file ..\..\..\..\..\of_v0.9.8_vs_release\addons\ofxGui\src\ofxGuiGroup.cpp)
C:\of_v0.9.8_vs_release\libs\openFrameworks\math\ofMatrix4x4.h(970): warning C4267: 'argument': conversion from 'size_t' to 'int', possible loss of data (compiling source file ..\..\..\..\..\of_v0.9.8_vs_release\addons\ofxGui\src\ofxGuiGroup.cpp)
C:\of_v0.9.8_vs_release\libs\openFrameworks\math\ofMatrix4x4.h(971): warning C4267: 'argument': conversion from 'size_t' to 'int', possible loss of data (compiling source file ..\..\..\..\..\of_v0.9.8_vs_release\addons\ofxGui\src\ofxGuiGroup.cpp)
C:\of_v0.9.8_vs_release\libs\openFrameworks\math\ofMatrix4x4.h(972): warning C4267: 'argument': conversion from 'size_t' to 'int', possible loss of data (compiling source file ..\..\..\..\..\of_v0.9.8_vs_release\addons\ofxGui\src\ofxGuiGroup.cpp)
C:\of_v0.9.8_vs_release\libs\openFrameworks\math\ofMatrix4x4.h(320): warning C4267: 'argument': conversion from 'size_t' to 'int', possible loss of data (compiling source file ..\..\..\..\..\of_v0.9.8_vs_release\addons\ofxDelaunay\src\ofxDelaunay.cpp)
C:\of_v0.9.8_vs_release\libs\openFrameworks\math\ofMatrix4x4.h(320): warning C4267: 'argument': conversion from 'size_t' to 'int', possible loss of data (compiling source file src\Footsteps.cpp)
C:\of_v0.9.8_vs_release\libs\openFrameworks\math\ofMatrix4x4.h(320): warning C4267: 'argument': conversion from 'size_t' to 'int', possible loss of data (compiling source file src\ofApp.cpp)
C:\of_v0.9.8_vs_release\libs\openFrameworks\math\ofMatrix4x4.h(320): warning C4267: 'argument': conversion from 'size_t' to 'int', possible loss of data (compiling source file src\FlowingBorders.cpp)
C:\of_v0.9.8_vs_release\libs\openFrameworks\math\ofMatrix4x4.h(320): warning C4267: 'argument': conversion from 'size_t' to 'int', possible loss of data (compiling source file src\StepsGrid.cpp)
C:\of_v0.9.8_vs_release\libs\openFrameworks\math\ofMatrix4x4.h(325): warning C4267: 'argument': conversion from 'size_t' to 'int', possible loss of data (compiling source file ..\..\..\..\..\of_v0.9.8_vs_release\addons\ofxDelaunay\src\ofxDelaunay.cpp)
C:\of_v0.9.8_vs_release\libs\openFrameworks\math\ofMatrix4x4.h(325): warning C4267: 'argument': conversion from 'size_t' to 'int', possible loss of data (compiling source file src\Footsteps.cpp)
C:\of_v0.9.8_vs_release\libs\openFrameworks\math\ofMatrix4x4.h(325): warning C4267: 'argument': conversion from 'size_t' to 'int', possible loss of data (compiling source file src\ofApp.cpp)
C:\of_v0.9.8_vs_release\libs\openFrameworks\math\ofMatrix4x4.h(325): warning C4267: 'argument': conversion from 'size_t' to 'int', possible loss of data (compiling source file src\FlowingBorders.cpp)
C:\of_v0.9.8_vs_release\libs\openFrameworks\math\ofMatrix4x4.h(325): warning C4267: 'argument': conversion from 'size_t' to 'int', possible loss of data (compiling source file src\StepsGrid.cpp)
C:\of_v0.9.8_vs_release\libs\openFrameworks\math\ofMatrix4x4.h(320): warning C4267: 'argument': conversion from 'size_t' to 'int', possible loss of data (compiling source file src\KinectData.cpp)
C:\of_v0.9.8_vs_release\libs\openFrameworks\math\ofMatrix4x4.h(320): warning C4267: 'argument': conversion from 'size_t' to 'int', possible loss of data (compiling source file src\main.cpp)
C:\of_v0.9.8_vs_release\libs\openFrameworks\math\ofMatrix4x4.h(325): warning C4267: 'argument': conversion from 'size_t' to 'int', possible loss of data (compiling source file src\KinectData.cpp)
C:\of_v0.9.8_vs_release\libs\openFrameworks\math\ofMatrix4x4.h(325): warning C4267: 'argument': conversion from 'size_t' to 'int', possible loss of data (compiling source file src\main.cpp)
C:\of_v0.9.8_vs_release\libs\openFrameworks\math\ofMatrix4x4.h(969): warning C4267: 'argument': conversion from 'size_t' to 'int', possible loss of data (compiling source file src\StepsGrid.cpp)
C:\of_v0.9.8_vs_release\libs\openFrameworks\math\ofMatrix4x4.h(970): warning C4267: 'argument': conversion from 'size_t' to 'int', possible loss of data (compiling source file src\StepsGrid.cpp)
C:\of_v0.9.8_vs_release\libs\openFrameworks\math\ofMatrix4x4.h(969): warning C4267: 'argument': conversion from 'size_t' to 'int', possible loss of data (compiling source file src\main.cpp)
C:\of_v0.9.8_vs_release\libs\openFrameworks\math\ofMatrix4x4.h(969): warning C4267: 'argument': conversion from 'size_t' to 'int', possible loss of data (compiling source file src\Footsteps.cpp)
C:\of_v0.9.8_vs_release\libs\openFrameworks\math\ofMatrix4x4.h(971): warning C4267: 'argument': conversion from 'size_t' to 'int', possible loss of data (compiling source file src\StepsGrid.cpp)
C:\of_v0.9.8_vs_release\libs\openFrameworks\math\ofMatrix4x4.h(969): warning C4267: 'argument': conversion from 'size_t' to 'int', possible loss of data (compiling source file src\FlowingBorders.cpp)
C:\of_v0.9.8_vs_release\libs\openFrameworks\math\ofMatrix4x4.h(970): warning C4267: 'argument': conversion from 'size_t' to 'int', possible loss of data (compiling source file src\main.cpp)
C:\of_v0.9.8_vs_release\libs\openFrameworks\math\ofMatrix4x4.h(969): warning C4267: 'argument': conversion from 'size_t' to 'int', possible loss of data (compiling source file ..\..\..\..\..\of_v0.9.8_vs_release\addons\ofxDelaunay\src\ofxDelaunay.cpp)
C:\of_v0.9.8_vs_release\libs\openFrameworks\math\ofMatrix4x4.h(969): warning C4267: 'argument': conversion from 'size_t' to 'int', possible loss of data (compiling source file src\ofApp.cpp)
C:\of_v0.9.8_vs_release\libs\openFrameworks\math\ofMatrix4x4.h(970): warning C4267: 'argument': conversion from 'size_t' to 'int', possible loss of data (compiling source file src\Footsteps.cpp)
C:\of_v0.9.8_vs_release\libs\openFrameworks\math\ofMatrix4x4.h(969): warning C4267: 'argument': conversion from 'size_t' to 'int', possible loss of data (compiling source file src\KinectData.cpp)
C:\of_v0.9.8_vs_release\libs\openFrameworks\math\ofMatrix4x4.h(972): warning C4267: 'argument': conversion from 'size_t' to 'int', possible loss of data (compiling source file src\StepsGrid.cpp)
C:\of_v0.9.8_vs_release\libs\openFrameworks\math\ofMatrix4x4.h(970): warning C4267: 'argument': conversion from 'size_t' to 'int', possible loss of data (compiling source file src\FlowingBorders.cpp)
C:\of_v0.9.8_vs_release\libs\openFrameworks\math\ofMatrix4x4.h(971): warning C4267: 'argument': conversion from 'size_t' to 'int', possible loss of data (compiling source file src\main.cpp)
C:\of_v0.9.8_vs_release\libs\openFrameworks\math\ofMatrix4x4.h(970): warning C4267: 'argument': conversion from 'size_t' to 'int', possible loss of data (compiling source file ..\..\..\..\..\of_v0.9.8_vs_release\addons\ofxDelaunay\src\ofxDelaunay.cpp)
C:\of_v0.9.8_vs_release\libs\openFrameworks\math\ofMatrix4x4.h(970): warning C4267: 'argument': conversion from 'size_t' to 'int', possible loss of data (compiling source file src\ofApp.cpp)
C:\of_v0.9.8_vs_release\libs\openFrameworks\math\ofMatrix4x4.h(971): warning C4267: 'argument': conversion from 'size_t' to 'int', possible loss of data (compiling source file src\Footsteps.cpp)
C:\of_v0.9.8_vs_release\libs\openFrameworks\math\ofMatrix4x4.h(970): warning C4267: 'argument': conversion from 'size_t' to 'int', possible loss of data (compiling source file src\KinectData.cpp)
C:\of_v0.9.8_vs_release\libs\openFrameworks\math\ofMatrix4x4.h(971): warning C4267: 'argument': conversion from 'size_t' to 'int', possible loss of data (compiling source file src\FlowingBorders.cpp)
C:\of_v0.9.8_vs_release\libs\openFrameworks\math\ofMatrix4x4.h(972): warning C4267: 'argument': conversion from 'size_t' to 'int', possible loss of data (compiling source file src\main.cpp)
C:\of_v0.9.8_vs_release\libs\openFrameworks\math\ofMatrix4x4.h(971): warning C4267: 'argument': conversion from 'size_t' to 'int', possible loss of data (compiling source file ..\..\..\..\..\of_v0.9.8_vs_release\addons\ofxDelaunay\src\ofxDelaunay.cpp)
C:\of_v0.9.8_vs_release\libs\openFrameworks\math\ofMatrix4x4.h(971): warning C4267: 'argument': conversion from 'size_t' to 'int', possible loss of data (compiling source file src\ofApp.cpp)
C:\of_v0.9.8_vs_release\libs\openFrameworks\math\ofMatrix4x4.h(972): warning C4267: 'argument': conversion from 'size_t' to 'int', possible loss of data (compiling source file src\Footsteps.cpp)
C:\of_v0.9.8_vs_release\libs\openFrameworks\math\ofMatrix4x4.h(971): warning C4267: 'argument': conversion from 'size_t' to 'int', possible loss of data (compiling source file src\KinectData.cpp)
C:\of_v0.9.8_vs_release\libs\openFrameworks\math\ofMatrix4x4.h(972): warning C4267: 'argument': conversion from 'size_t' to 'int', possible loss of data (compiling source file src\FlowingBorders.cpp)
C:\of_v0.9.8_vs_release\libs\openFrameworks\math\ofMatrix4x4.h(972): warning C4267: 'argument': conversion from 'size_t' to 'int', possible loss of data (compiling source file ..\..\..\..\..\of_v0.9.8_vs_release\addons\ofxDelaunay\src\ofxDelaunay.cpp)
C:\of_v0.9.8_vs_release\libs\openFrameworks\math\ofMatrix4x4.h(972): warning C4267: 'argument': conversion from 'size_t' to 'int', possible loss of data (compiling source file src\ofApp.cpp)
C:\of_v0.9.8_vs_release\libs\openFrameworks\math\ofMatrix4x4.h(972): warning C4267: 'argument': conversion from 'size_t' to 'int', possible loss of data (compiling source file src\KinectData.cpp)
c:\of_v0.9.8_vs_release\libs\openframeworks\math\ofMatrix4x4.h(320): warning C4267: 'argument': conversion from 'size_t' to 'int', possible loss of data (compiling source file ..\..\..\..\..\of_v0.9.8_vs_release\addons\ofxGui\src\ofxButton.cpp)
c:\of_v0.9.8_vs_release\libs\openframeworks\math\ofMatrix4x4.h(325): warning C4267: 'argument': conversion from 'size_t' to 'int', possible loss of data (compiling source file ..\..\..\..\..\of_v0.9.8_vs_release\addons\ofxGui\src\ofxButton.cpp)
c:\of_v0.9.8_vs_release\libs\openframeworks\math\ofMatrix4x4.h(969): warning C4267: 'argument': conversion from 'size_t' to 'int', possible loss of data (compiling source file ..\..\..\..\..\of_v0.9.8_vs_release\addons\ofxGui\src\ofxButton.cpp)
c:\of_v0.9.8_vs_release\libs\openframeworks\math\ofMatrix4x4.h(970): warning C4267: 'argument': conversion from 'size_t' to 'int', possible loss of data (compiling source file ..\..\..\..\..\of_v0.9.8_vs_release\addons\ofxGui\src\ofxButton.cpp)
c:\of_v0.9.8_vs_release\libs\openframeworks\math\ofMatrix4x4.h(971): warning C4267: 'argument': conversion from 'size_t' to 'int', possible loss of data (compiling source file ..\..\..\..\..\of_v0.9.8_vs_release\addons\ofxGui\src\ofxButton.cpp)
c:\of_v0.9.8_vs_release\libs\openframeworks\math\ofMatrix4x4.h(972): warning C4267: 'argument': conversion from 'size_t' to 'int', possible loss of data (compiling source file ..\..\..\..\..\of_v0.9.8_vs_release\addons\ofxGui\src\ofxButton.cpp)
C:\of_v0.9.8_vs_release\libs\openFrameworks\math\ofMatrix4x4.h(320): warning C4267: 'argument': conversion from 'size_t' to 'int', possible loss of data (compiling source file src\NoiseTerrain.cpp)
C:\of_v0.9.8_vs_release\libs\openFrameworks\math\ofMatrix4x4.h(325): warning C4267: 'argument': conversion from 'size_t' to 'int', possible loss of data (compiling source file src\NoiseTerrain.cpp)
C:\of_v0.9.8_vs_release\libs\openFrameworks\math\ofMatrix4x4.h(969): warning C4267: 'argument': conversion from 'size_t' to 'int', possible loss of data (compiling source file src\NoiseTerrain.cpp)
C:\of_v0.9.8_vs_release\libs\openFrameworks\math\ofMatrix4x4.h(970): warning C4267: 'argument': conversion from 'size_t' to 'int', possible loss of data (compiling source file src\NoiseTerrain.cpp)
C:\of_v0.9.8_vs_release\libs\openFrameworks\math\ofMatrix4x4.h(971): warning C4267: 'argument': conversion from 'size_t' to 'int', possible loss of data (compiling source file src\NoiseTerrain.cpp)
C:\of_v0.9.8_vs_release\libs\openFrameworks\math\ofMatrix4x4.h(972): warning C4267: 'argument': conversion from 'size_t' to 'int', possible loss of data (compiling source file src\NoiseTerrain.cpp)
..\..\..\..\..\of_v0.9.8_vs_release\addons\ofxDelaunay\src\ofxDelaunay.cpp(42): warning C4267: '=': conversion from 'size_t' to 'int', possible loss of data
..\..\..\..\..\of_v0.9.8_vs_release\addons\ofxDelaunay\src\ofxDelaunay.cpp(44): warning C4267: 'return': conversion from 'size_t' to 'int', possible loss of data
..\..\..\..\..\of_v0.9.8_vs_release\addons\ofxDelaunay\src\ofxDelaunay.cpp(51): warning C4267: 'return': conversion from 'size_t' to 'int', possible loss of data
..\..\..\..\..\of_v0.9.8_vs_release\addons\ofxDelaunay\src\ofxDelaunay.cpp(60): warning C4267: 'initializing': conversion from 'size_t' to 'int', possible loss of data
..\..\..\..\..\of_v0.9.8_vs_release\addons\ofxDelaunay\src\ofxDelaunay.cpp(128): warning C4267: 'return': conversion from 'size_t' to 'int', possible loss of data
C:\of_v0.9.8_vs_release\libs\openFrameworks\math\ofMatrix4x4.h(320): warning C4267: 'argument': conversion from 'size_t' to 'int', possible loss of data (compiling source file ..\..\..\..\..\of_v0.9.8_vs_release\addons\ofxGui\src\ofxLabel.cpp)
C:\of_v0.9.8_vs_release\libs\openFrameworks\math\ofMatrix4x4.h(325): warning C4267: 'argument': conversion from 'size_t' to 'int', possible loss of data (compiling source file ..\..\..\..\..\of_v0.9.8_vs_release\addons\ofxGui\src\ofxLabel.cpp)
C:\of_v0.9.8_vs_release\libs\openFrameworks\math\ofMatrix4x4.h(969): warning C4267: 'argument': conversion from 'size_t' to 'int', possible loss of data (compiling source file ..\..\..\..\..\of_v0.9.8_vs_release\addons\ofxGui\src\ofxLabel.cpp)
C:\of_v0.9.8_vs_release\libs\openFrameworks\math\ofMatrix4x4.h(970): warning C4267: 'argument': conversion from 'size_t' to 'int', possible loss of data (compiling source file ..\..\..\..\..\of_v0.9.8_vs_release\addons\ofxGui\src\ofxLabel.cpp)
C:\of_v0.9.8_vs_release\libs\openFrameworks\math\ofMatrix4x4.h(971): warning C4267: 'argument': conversion from 'size_t' to 'int', possible loss of data (compiling source file ..\..\..\..\..\of_v0.9.8_vs_release\addons\ofxGui\src\ofxLabel.cpp)
C:\of_v0.9.8_vs_release\libs\openFrameworks\math\ofMatrix4x4.h(972): warning C4267: 'argument': conversion from 'size_t' to 'int', possible loss of data (compiling source file ..\..\..\..\..\of_v0.9.8_vs_release\addons\ofxGui\src\ofxLabel.cpp)
  ofxPanel.cpp
  ofxSlider.cpp
  ofxSliderGroup.cpp
  ofxToggle.cpp
  ofxKinectExtras.cpp
  ofxKinect.cpp
C:\of_v0.9.8_vs_release\libs\openFrameworks\math\ofMatrix4x4.h(320): warning C4267: 'argument': conversion from 'size_t' to 'int', possible loss of data (compiling source file ..\..\..\..\..\of_v0.9.8_vs_release\addons\ofxGui\src\ofxPanel.cpp)
C:\of_v0.9.8_vs_release\libs\openFrameworks\math\ofMatrix4x4.h(325): warning C4267: 'argument': conversion from 'size_t' to 'int', possible loss of data (compiling source file ..\..\..\..\..\of_v0.9.8_vs_release\addons\ofxGui\src\ofxPanel.cpp)
C:\of_v0.9.8_vs_release\libs\openFrameworks\math\ofMatrix4x4.h(969): warning C4267: 'argument': conversion from 'size_t' to 'int', possible loss of data (compiling source file ..\..\..\..\..\of_v0.9.8_vs_release\addons\ofxGui\src\ofxPanel.cpp)
C:\of_v0.9.8_vs_release\libs\openFrameworks\math\ofMatrix4x4.h(970): warning C4267: 'argument': conversion from 'size_t' to 'int', possible loss of data (compiling source file ..\..\..\..\..\of_v0.9.8_vs_release\addons\ofxGui\src\ofxPanel.cpp)
C:\of_v0.9.8_vs_release\libs\openFrameworks\math\ofMatrix4x4.h(971): warning C4267: 'argument': conversion from 'size_t' to 'int', possible loss of data (compiling source file ..\..\..\..\..\of_v0.9.8_vs_release\addons\ofxGui\src\ofxPanel.cpp)
C:\of_v0.9.8_vs_release\libs\openFrameworks\math\ofMatrix4x4.h(972): warning C4267: 'argument': conversion from 'size_t' to 'int', possible loss of data (compiling source file ..\..\..\..\..\of_v0.9.8_vs_release\addons\ofxGui\src\ofxPanel.cpp)
C:\of_v0.9.8_vs_release\libs\openFrameworks\math\ofMatrix4x4.h(320): warning C4267: 'argument': conversion from 'size_t' to 'int', possible loss of data (compiling source file ..\..\..\..\..\of_v0.9.8_vs_release\addons\ofxGui\src\ofxSlider.cpp)
C:\of_v0.9.8_vs_release\libs\openFrameworks\math\ofMatrix4x4.h(325): warning C4267: 'argument': conversion from 'size_t' to 'int', possible loss of data (compiling source file ..\..\..\..\..\of_v0.9.8_vs_release\addons\ofxGui\src\ofxSlider.cpp)
C:\of_v0.9.8_vs_release\libs\openFrameworks\math\ofMatrix4x4.h(969): warning C4267: 'argument': conversion from 'size_t' to 'int', possible loss of data (compiling source file ..\..\..\..\..\of_v0.9.8_vs_release\addons\ofxGui\src\ofxSlider.cpp)
C:\of_v0.9.8_vs_release\libs\openFrameworks\math\ofMatrix4x4.h(970): warning C4267: 'argument': conversion from 'size_t' to 'int', possible loss of data (compiling source file ..\..\..\..\..\of_v0.9.8_vs_release\addons\ofxGui\src\ofxSlider.cpp)
C:\of_v0.9.8_vs_release\libs\openFrameworks\math\ofMatrix4x4.h(971): warning C4267: 'argument': conversion from 'size_t' to 'int', possible loss of data (compiling source file ..\..\..\..\..\of_v0.9.8_vs_release\addons\ofxGui\src\ofxSlider.cpp)
C:\of_v0.9.8_vs_release\libs\openFrameworks\math\ofMatrix4x4.h(972): warning C4267: 'argument': conversion from 'size_t' to 'int', possible loss of data (compiling source file ..\..\..\..\..\of_v0.9.8_vs_release\addons\ofxGui\src\ofxSlider.cpp)
  failguard.cpp
  libusbemu.cpp
  audio.c
  cameras.c
C:\of_v0.9.8_vs_release\libs\openFrameworks\math\ofMatrix4x4.h(320): warning C4267: 'argument': conversion from 'size_t' to 'int', possible loss of data (compiling source file ..\..\..\..\..\of_v0.9.8_vs_release\addons\ofxGui\src\ofxSliderGroup.cpp)
C:\of_v0.9.8_vs_release\libs\openFrameworks\math\ofMatrix4x4.h(325): warning C4267: 'argument': conversion from 'size_t' to 'int', possible loss of data (compiling source file ..\..\..\..\..\of_v0.9.8_vs_release\addons\ofxGui\src\ofxSliderGroup.cpp)
C:\of_v0.9.8_vs_release\libs\openFrameworks\math\ofMatrix4x4.h(969): warning C4267: 'argument': conversion from 'size_t' to 'int', possible loss of data (compiling source file ..\..\..\..\..\of_v0.9.8_vs_release\addons\ofxGui\src\ofxSliderGroup.cpp)
C:\of_v0.9.8_vs_release\libs\openFrameworks\math\ofMatrix4x4.h(970): warning C4267: 'argument': conversion from 'size_t' to 'int', possible loss of data (compiling source file ..\..\..\..\..\of_v0.9.8_vs_release\addons\ofxGui\src\ofxSliderGroup.cpp)
C:\of_v0.9.8_vs_release\libs\openFrameworks\math\ofMatrix4x4.h(971): warning C4267: 'argument': conversion from 'size_t' to 'int', possible loss of data (compiling source file ..\..\..\..\..\of_v0.9.8_vs_release\addons\ofxGui\src\ofxSliderGroup.cpp)
C:\of_v0.9.8_vs_release\libs\openFrameworks\math\ofMatrix4x4.h(972): warning C4267: 'argument': conversion from 'size_t' to 'int', possible loss of data (compiling source file ..\..\..\..\..\of_v0.9.8_vs_release\addons\ofxGui\src\ofxSliderGroup.cpp)
c:\of_v0.9.8_vs_release\libs\openframeworks\math\ofMatrix4x4.h(320): warning C4267: 'argument': conversion from 'size_t' to 'int', possible loss of data (compiling source file ..\..\..\..\..\of_v0.9.8_vs_release\addons\ofxGui\src\ofxToggle.cpp)
c:\of_v0.9.8_vs_release\libs\openframeworks\math\ofMatrix4x4.h(325): warning C4267: 'argument': conversion from 'size_t' to 'int', possible loss of data (compiling source file ..\..\..\..\..\of_v0.9.8_vs_release\addons\ofxGui\src\ofxToggle.cpp)
c:\of_v0.9.8_vs_release\libs\openframeworks\math\ofMatrix4x4.h(969): warning C4267: 'argument': conversion from 'size_t' to 'int', possible loss of data (compiling source file ..\..\..\..\..\of_v0.9.8_vs_release\addons\ofxGui\src\ofxToggle.cpp)
c:\of_v0.9.8_vs_release\libs\openframeworks\math\ofMatrix4x4.h(970): warning C4267: 'argument': conversion from 'size_t' to 'int', possible loss of data (compiling source file ..\..\..\..\..\of_v0.9.8_vs_release\addons\ofxGui\src\ofxToggle.cpp)
c:\of_v0.9.8_vs_release\libs\openframeworks\math\ofMatrix4x4.h(971): warning C4267: 'argument': conversion from 'size_t' to 'int', possible loss of data (compiling source file ..\..\..\..\..\of_v0.9.8_vs_release\addons\ofxGui\src\ofxToggle.cpp)
c:\of_v0.9.8_vs_release\libs\openframeworks\math\ofMatrix4x4.h(972): warning C4267: 'argument': conversion from 'size_t' to 'int', possible loss of data (compiling source file ..\..\..\..\..\of_v0.9.8_vs_release\addons\ofxGui\src\ofxToggle.cpp)
C:\of_v0.9.8_vs_release\libs\openFrameworks\math\ofMatrix4x4.h(320): warning C4267: 'argument': conversion from 'size_t' to 'int', possible loss of data (compiling source file ..\..\..\..\..\of_v0.9.8_vs_release\addons\ofxKinect\src\ofxKinect.cpp)
C:\of_v0.9.8_vs_release\libs\openFrameworks\math\ofMatrix4x4.h(325): warning C4267: 'argument': conversion from 'size_t' to 'int', possible loss of data (compiling source file ..\..\..\..\..\of_v0.9.8_vs_release\addons\ofxKinect\src\ofxKinect.cpp)
C:\of_v0.9.8_vs_release\libs\openFrameworks\math\ofMatrix4x4.h(969): warning C4267: 'argument': conversion from 'size_t' to 'int', possible loss of data (compiling source file ..\..\..\..\..\of_v0.9.8_vs_release\addons\ofxKinect\src\ofxKinect.cpp)
C:\of_v0.9.8_vs_release\libs\openFrameworks\math\ofMatrix4x4.h(970): warning C4267: 'argument': conversion from 'size_t' to 'int', possible loss of data (compiling source file ..\..\..\..\..\of_v0.9.8_vs_release\addons\ofxKinect\src\ofxKinect.cpp)
C:\of_v0.9.8_vs_release\libs\openFrameworks\math\ofMatrix4x4.h(971): warning C4267: 'argument': conversion from 'size_t' to 'int', possible loss of data (compiling source file ..\..\..\..\..\of_v0.9.8_vs_release\addons\ofxKinect\src\ofxKinect.cpp)
C:\of_v0.9.8_vs_release\libs\openFrameworks\math\ofMatrix4x4.h(972): warning C4267: 'argument': conversion from 'size_t' to 'int', possible loss of data (compiling source file ..\..\..\..\..\of_v0.9.8_vs_release\addons\ofxKinect\src\ofxKinect.cpp)
  core.c
c:\of_v0.9.8_vs_release\addons\ofxkinect\libs\libfreenect\platform\windows\libusb10emu\libusb-1.0\libusbemu_threads_win32.h(275): warning C4267: 'initializing': conversion from 'size_t' to 'unsigned int', possible loss of data (compiling source file ..\..\..\..\..\of_v0.9.8_vs_release\addons\ofxKinect\libs\libfreenect\platform\windows\libusb10emu\libusb-1.0\libusbemu.cpp)
c:\of_v0.9.8_vs_release\addons\ofxkinect\libs\libfreenect\platform\windows\libusb10emu\libusb-1.0\libusbemu_threads_win32.h(275): warning C4267: 'initializing': conversion from 'size_t' to 'const unsigned int', possible loss of data (compiling source file ..\..\..\..\..\of_v0.9.8_vs_release\addons\ofxKinect\libs\libfreenect\platform\windows\libusb10emu\libusb-1.0\libusbemu.cpp)
c:\of_v0.9.8_vs_release\addons\ofxkinect\libs\libfreenect\platform\windows\libusb10emu\libusb-1.0\libusbemu_threads_win32.h(298): warning C4267: 'initializing': conversion from 'size_t' to 'unsigned int', possible loss of data (compiling source file ..\..\..\..\..\of_v0.9.8_vs_release\addons\ofxKinect\libs\libfreenect\platform\windows\libusb10emu\libusb-1.0\libusbemu.cpp)
c:\of_v0.9.8_vs_release\addons\ofxkinect\libs\libfreenect\platform\windows\libusb10emu\libusb-1.0\libusbemu_threads_win32.h(298): warning C4267: 'initializing': conversion from 'size_t' to 'const unsigned int', possible loss of data (compiling source file ..\..\..\..\..\of_v0.9.8_vs_release\addons\ofxKinect\libs\libfreenect\platform\windows\libusb10emu\libusb-1.0\libusbemu.cpp)
c:\of_v0.9.8_vs_release\addons\ofxkinect\libs\libfreenect\platform\windows\libusb10emu\libusb-1.0\libusbemu_threads_win32.h(275): warning C4267: 'initializing': conversion from 'size_t' to 'unsigned int', possible loss of data (compiling source file ..\..\..\..\..\of_v0.9.8_vs_release\addons\ofxKinect\libs\libfreenect\platform\windows\libusb10emu\libusb-1.0\failguard.cpp)
c:\of_v0.9.8_vs_release\addons\ofxkinect\libs\libfreenect\platform\windows\libusb10emu\libusb-1.0\libusbemu_threads_win32.h(275): warning C4267: 'initializing': conversion from 'size_t' to 'const unsigned int', possible loss of data (compiling source file ..\..\..\..\..\of_v0.9.8_vs_release\addons\ofxKinect\libs\libfreenect\platform\windows\libusb10emu\libusb-1.0\failguard.cpp)
c:\of_v0.9.8_vs_release\addons\ofxkinect\libs\libfreenect\platform\windows\libusb10emu\libusb-1.0\libusbemu_threads_win32.h(298): warning C4267: 'initializing': conversion from 'size_t' to 'unsigned int', possible loss of data (compiling source file ..\..\..\..\..\of_v0.9.8_vs_release\addons\ofxKinect\libs\libfreenect\platform\windows\libusb10emu\libusb-1.0\failguard.cpp)
c:\of_v0.9.8_vs_release\addons\ofxkinect\libs\libfreenect\platform\windows\libusb10emu\libusb-1.0\libusbemu_threads_win32.h(298): warning C4267: 'initializing': conversion from 'size_t' to 'const unsigned int', possible loss of data (compiling source file ..\..\..\..\..\of_v0.9.8_vs_release\addons\ofxKinect\libs\libfreenect\platform\windows\libusb10emu\libusb-1.0\failguard.cpp)
c:\of_v0.9.8_vs_release\addons\ofxkinect\libs\libfreenect\platform\windows\libusb10emu\libusb-1.0\libusbemu_internal.h(293): warning C4267: 'initializing': conversion from 'size_t' to 'int', possible loss of data (compiling source file ..\..\..\..\..\of_v0.9.8_vs_release\addons\ofxKinect\libs\libfreenect\platform\windows\libusb10emu\libusb-1.0\libusbemu.cpp)
  flags.c
..\..\..\..\..\of_v0.9.8_vs_release\addons\ofxKinect\libs\libfreenect\src\cameras.c(218): warning C4244: '=': conversion from '__int64' to 'int', possible loss of data
..\..\..\..\..\of_v0.9.8_vs_release\addons\ofxKinect\libs\libfreenect\src\cameras.c(220): warning C4244: '=': conversion from '__int64' to 'int', possible loss of data
..\..\..\..\..\of_v0.9.8_vs_release\addons\ofxKinect\libs\libfreenect\platform\windows\libusb10emu\libusb-1.0\libusbemu.cpp(128): warning C4267: 'initializing': conversion from 'size_t' to 'int', possible loss of data
..\..\..\..\..\of_v0.9.8_vs_release\addons\ofxKinect\libs\libfreenect\platform\windows\libusb10emu\libusb-1.0\libusbemu.cpp(128): warning C4267: 'initializing': conversion from 'size_t' to 'const int', possible loss of data
..\..\..\..\..\of_v0.9.8_vs_release\addons\ofxKinect\libs\libfreenect\platform\windows\libusb10emu\libusb-1.0\libusbemu.cpp(187): warning C4267: 'return': conversion from 'size_t' to 'ssize_t', possible loss of data
..\..\..\..\..\of_v0.9.8_vs_release\addons\ofxKinect\libs\libfreenect\platform\windows\libusb10emu\libusb-1.0\libusbemu.cpp(691): warning C4311: 'type cast': pointer truncation from 'void *' to 'int'
..\..\..\..\..\of_v0.9.8_vs_release\addons\ofxKinect\libs\libfreenect\platform\windows\libusb10emu\libusb-1.0\libusbemu.cpp(691): warning C4302: 'type cast': truncation from 'void *' to 'int'
  keep_alive.c
  loader.c
  registration.c
  tilt.c
  usb_libusb10.c
  ofxCvColorImage.cpp
..\..\..\..\..\of_v0.9.8_vs_release\addons\ofxKinect\libs\libfreenect\src\flags.c(99): warning C4267: 'argument': conversion from 'size_t' to 'uint16_t', possible loss of data
  ofxCvContourFinder.cpp
  ofxCvFloatImage.cpp
..\..\..\..\..\of_v0.9.8_vs_release\addons\ofxKinect\src\ofxKinect.cpp(359): warning C4267: 'initializing': conversion from 'size_t' to 'int', possible loss of data
..\..\..\..\..\of_v0.9.8_vs_release\addons\ofxKinect\libs\libfreenect\src\registration.c(72): warning C4244: '=': conversion from 'double' to 'int32_t', possible loss of data
..\..\..\..\..\of_v0.9.8_vs_release\addons\ofxKinect\libs\libfreenect\src\registration.c(283): warning C4244: '=': conversion from 'double' to 'int32_t', possible loss of data
..\..\..\..\..\of_v0.9.8_vs_release\addons\ofxKinect\libs\libfreenect\src\registration.c(284): warning C4244: '=': conversion from 'double' to 'int32_t', possible loss of data
..\..\..\..\..\of_v0.9.8_vs_release\addons\ofxKinect\libs\libfreenect\src\registration.c(302): warning C4244: 'return': conversion from 'double' to 'uint16_t', possible loss of data
  ofxCvGrayscaleImage.cpp
..\..\..\..\..\of_v0.9.8_vs_release\addons\ofxKinect\src\ofxKinect.cpp(1081): warning C4267: 'return': conversion from 'size_t' to 'int', possible loss of data
..\..\..\..\..\of_v0.9.8_vs_release\addons\ofxKinect\src\ofxKinect.cpp(1085): warning C4267: 'return': conversion from 'size_t' to 'int', possible loss of data
  ofxCvHaarFinder.cpp
  ofxCvImage.cpp
..\..\..\..\..\of_v0.9.8_vs_release\addons\ofxKinect\libs\libfreenect\src\usb_libusb10.c(117): warning C4996: 'strdup': The POSIX name for this item is deprecated. Instead, use the ISO C and C++ conformant name: _strdup. See online help for details.
  C:\Program Files (x86)\Windows Kits\10\Include\10.0.10240.0\ucrt\string.h(552): note: see declaration of 'strdup'
  ofxCvShortImage.cpp
  ofxSpout2Receiver.cpp
  ofxSpout2Sender.cpp
C:\of_v0.9.8_vs_release\libs\openFrameworks\math\ofMatrix4x4.h(320): warning C4267: 'argument': conversion from 'size_t' to 'int', possible loss of data (compiling source file ..\..\..\..\..\of_v0.9.8_vs_release\addons\ofxOpenCv\src\ofxCvHaarFinder.cpp)
C:\of_v0.9.8_vs_release\libs\openFrameworks\math\ofMatrix4x4.h(325): warning C4267: 'argument': conversion from 'size_t' to 'int', possible loss of data (compiling source file ..\..\..\..\..\of_v0.9.8_vs_release\addons\ofxOpenCv\src\ofxCvHaarFinder.cpp)
C:\of_v0.9.8_vs_release\libs\openFrameworks\math\ofMatrix4x4.h(969): warning C4267: 'argument': conversion from 'size_t' to 'int', possible loss of data (compiling source file ..\..\..\..\..\of_v0.9.8_vs_release\addons\ofxOpenCv\src\ofxCvHaarFinder.cpp)
C:\of_v0.9.8_vs_release\libs\openFrameworks\math\ofMatrix4x4.h(970): warning C4267: 'argument': conversion from 'size_t' to 'int', possible loss of data (compiling source file ..\..\..\..\..\of_v0.9.8_vs_release\addons\ofxOpenCv\src\ofxCvHaarFinder.cpp)
C:\of_v0.9.8_vs_release\libs\openFrameworks\math\ofMatrix4x4.h(971): warning C4267: 'argument': conversion from 'size_t' to 'int', possible loss of data (compiling source file ..\..\..\..\..\of_v0.9.8_vs_release\addons\ofxOpenCv\src\ofxCvHaarFinder.cpp)
C:\of_v0.9.8_vs_release\libs\openFrameworks\math\ofMatrix4x4.h(972): warning C4267: 'argument': conversion from 'size_t' to 'int', possible loss of data (compiling source file ..\..\..\..\..\of_v0.9.8_vs_release\addons\ofxOpenCv\src\ofxCvHaarFinder.cpp)
C:\of_v0.9.8_vs_release\libs\openFrameworks\math\ofMatrix4x4.h(320): warning C4267: 'argument': conversion from 'size_t' to 'int', possible loss of data (compiling source file ..\..\..\..\..\of_v0.9.8_vs_release\addons\ofxOpenCv\src\ofxCvColorImage.cpp)
C:\of_v0.9.8_vs_release\libs\openFrameworks\math\ofMatrix4x4.h(325): warning C4267: 'argument': conversion from 'size_t' to 'int', possible loss of data (compiling source file ..\..\..\..\..\of_v0.9.8_vs_release\addons\ofxOpenCv\src\ofxCvColorImage.cpp)
C:\of_v0.9.8_vs_release\libs\openFrameworks\math\ofMatrix4x4.h(320): warning C4267: 'argument': conversion from 'size_t' to 'int', possible loss of data (compiling source file ..\..\..\..\..\of_v0.9.8_vs_release\addons\ofxSpout\src\ofxSpout2Receiver.cpp)
C:\of_v0.9.8_vs_release\libs\openFrameworks\math\ofMatrix4x4.h(325): warning C4267: 'argument': conversion from 'size_t' to 'int', possible loss of data (compiling source file ..\..\..\..\..\of_v0.9.8_vs_release\addons\ofxSpout\src\ofxSpout2Receiver.cpp)
C:\of_v0.9.8_vs_release\libs\openFrameworks\math\ofMatrix4x4.h(969): warning C4267: 'argument': conversion from 'size_t' to 'int', possible loss of data (compiling source file ..\..\..\..\..\of_v0.9.8_vs_release\addons\ofxOpenCv\src\ofxCvColorImage.cpp)
C:\of_v0.9.8_vs_release\libs\openFrameworks\math\ofMatrix4x4.h(970): warning C4267: 'argument': conversion from 'size_t' to 'int', possible loss of data (compiling source file ..\..\..\..\..\of_v0.9.8_vs_release\addons\ofxOpenCv\src\ofxCvColorImage.cpp)
C:\of_v0.9.8_vs_release\libs\openFrameworks\math\ofMatrix4x4.h(971): warning C4267: 'argument': conversion from 'size_t' to 'int', possible loss of data (compiling source file ..\..\..\..\..\of_v0.9.8_vs_release\addons\ofxOpenCv\src\ofxCvColorImage.cpp)
C:\of_v0.9.8_vs_release\libs\openFrameworks\math\ofMatrix4x4.h(972): warning C4267: 'argument': conversion from 'size_t' to 'int', possible loss of data (compiling source file ..\..\..\..\..\of_v0.9.8_vs_release\addons\ofxOpenCv\src\ofxCvColorImage.cpp)
C:\of_v0.9.8_vs_release\libs\openFrameworks\math\ofMatrix4x4.h(969): warning C4267: 'argument': conversion from 'size_t' to 'int', possible loss of data (compiling source file ..\..\..\..\..\of_v0.9.8_vs_release\addons\ofxSpout\src\ofxSpout2Receiver.cpp)
C:\of_v0.9.8_vs_release\libs\openFrameworks\math\ofMatrix4x4.h(970): warning C4267: 'argument': conversion from 'size_t' to 'int', possible loss of data (compiling source file ..\..\..\..\..\of_v0.9.8_vs_release\addons\ofxSpout\src\ofxSpout2Receiver.cpp)
C:\of_v0.9.8_vs_release\libs\openFrameworks\math\ofMatrix4x4.h(971): warning C4267: 'argument': conversion from 'size_t' to 'int', possible loss of data (compiling source file ..\..\..\..\..\of_v0.9.8_vs_release\addons\ofxSpout\src\ofxSpout2Receiver.cpp)
C:\of_v0.9.8_vs_release\libs\openFrameworks\math\ofMatrix4x4.h(972): warning C4267: 'argument': conversion from 'size_t' to 'int', possible loss of data (compiling source file ..\..\..\..\..\of_v0.9.8_vs_release\addons\ofxSpout\src\ofxSpout2Receiver.cpp)
C:\of_v0.9.8_vs_release\libs\openFrameworks\math\ofMatrix4x4.h(320): warning C4267: 'argument': conversion from 'size_t' to 'int', possible loss of data (compiling source file ..\..\..\..\..\of_v0.9.8_vs_release\addons\ofxSpout\src\ofxSpout2Sender.cpp)
C:\of_v0.9.8_vs_release\libs\openFrameworks\math\ofMatrix4x4.h(325): warning C4267: 'argument': conversion from 'size_t' to 'int', possible loss of data (compiling source file ..\..\..\..\..\of_v0.9.8_vs_release\addons\ofxSpout\src\ofxSpout2Sender.cpp)
C:\of_v0.9.8_vs_release\libs\openFrameworks\math\ofMatrix4x4.h(969): warning C4267: 'argument': conversion from 'size_t' to 'int', possible loss of data (compiling source file ..\..\..\..\..\of_v0.9.8_vs_release\addons\ofxSpout\src\ofxSpout2Sender.cpp)
C:\of_v0.9.8_vs_release\libs\openFrameworks\math\ofMatrix4x4.h(970): warning C4267: 'argument': conversion from 'size_t' to 'int', possible loss of data (compiling source file ..\..\..\..\..\of_v0.9.8_vs_release\addons\ofxSpout\src\ofxSpout2Sender.cpp)
C:\of_v0.9.8_vs_release\libs\openFrameworks\math\ofMatrix4x4.h(971): warning C4267: 'argument': conversion from 'size_t' to 'int', possible loss of data (compiling source file ..\..\..\..\..\of_v0.9.8_vs_release\addons\ofxSpout\src\ofxSpout2Sender.cpp)
C:\of_v0.9.8_vs_release\libs\openFrameworks\math\ofMatrix4x4.h(972): warning C4267: 'argument': conversion from 'size_t' to 'int', possible loss of data (compiling source file ..\..\..\..\..\of_v0.9.8_vs_release\addons\ofxSpout\src\ofxSpout2Sender.cpp)
C:\of_v0.9.8_vs_release\libs\openFrameworks\math\ofMatrix4x4.h(320): warning C4267: 'argument': conversion from 'size_t' to 'int', possible loss of data (compiling source file ..\..\..\..\..\of_v0.9.8_vs_release\addons\ofxOpenCv\src\ofxCvContourFinder.cpp)
C:\of_v0.9.8_vs_release\libs\openFrameworks\math\ofMatrix4x4.h(325): warning C4267: 'argument': conversion from 'size_t' to 'int', possible loss of data (compiling source file ..\..\..\..\..\of_v0.9.8_vs_release\addons\ofxOpenCv\src\ofxCvContourFinder.cpp)
C:\of_v0.9.8_vs_release\libs\openFrameworks\math\ofMatrix4x4.h(969): warning C4267: 'argument': conversion from 'size_t' to 'int', possible loss of data (compiling source file ..\..\..\..\..\of_v0.9.8_vs_release\addons\ofxOpenCv\src\ofxCvContourFinder.cpp)
C:\of_v0.9.8_vs_release\libs\openFrameworks\math\ofMatrix4x4.h(970): warning C4267: 'argument': conversion from 'size_t' to 'int', possible loss of data (compiling source file ..\..\..\..\..\of_v0.9.8_vs_release\addons\ofxOpenCv\src\ofxCvContourFinder.cpp)
C:\of_v0.9.8_vs_release\libs\openFrameworks\math\ofMatrix4x4.h(971): warning C4267: 'argument': conversion from 'size_t' to 'int', possible loss of data (compiling source file ..\..\..\..\..\of_v0.9.8_vs_release\addons\ofxOpenCv\src\ofxCvContourFinder.cpp)
C:\of_v0.9.8_vs_release\libs\openFrameworks\math\ofMatrix4x4.h(972): warning C4267: 'argument': conversion from 'size_t' to 'int', possible loss of data (compiling source file ..\..\..\..\..\of_v0.9.8_vs_release\addons\ofxOpenCv\src\ofxCvContourFinder.cpp)
C:\of_v0.9.8_vs_release\libs\openFrameworks\math\ofMatrix4x4.h(320): warning C4267: 'argument': conversion from 'size_t' to 'int', possible loss of data (compiling source file ..\..\..\..\..\of_v0.9.8_vs_release\addons\ofxOpenCv\src\ofxCvFloatImage.cpp)
C:\of_v0.9.8_vs_release\libs\openFrameworks\math\ofMatrix4x4.h(325): warning C4267: 'argument': conversion from 'size_t' to 'int', possible loss of data (compiling source file ..\..\..\..\..\of_v0.9.8_vs_release\addons\ofxOpenCv\src\ofxCvFloatImage.cpp)
C:\of_v0.9.8_vs_release\libs\openFrameworks\math\ofMatrix4x4.h(969): warning C4267: 'argument': conversion from 'size_t' to 'int', possible loss of data (compiling source file ..\..\..\..\..\of_v0.9.8_vs_release\addons\ofxOpenCv\src\ofxCvFloatImage.cpp)
C:\of_v0.9.8_vs_release\libs\openFrameworks\math\ofMatrix4x4.h(970): warning C4267: 'argument': conversion from 'size_t' to 'int', possible loss of data (compiling source file ..\..\..\..\..\of_v0.9.8_vs_release\addons\ofxOpenCv\src\ofxCvFloatImage.cpp)
C:\of_v0.9.8_vs_release\libs\openFrameworks\math\ofMatrix4x4.h(971): warning C4267: 'argument': conversion from 'size_t' to 'int', possible loss of data (compiling source file ..\..\..\..\..\of_v0.9.8_vs_release\addons\ofxOpenCv\src\ofxCvFloatImage.cpp)
C:\of_v0.9.8_vs_release\libs\openFrameworks\math\ofMatrix4x4.h(972): warning C4267: 'argument': conversion from 'size_t' to 'int', possible loss of data (compiling source file ..\..\..\..\..\of_v0.9.8_vs_release\addons\ofxOpenCv\src\ofxCvFloatImage.cpp)
C:\of_v0.9.8_vs_release\libs\openFrameworks\math\ofMatrix4x4.h(320): warning C4267: 'argument': conversion from 'size_t' to 'int', possible loss of data (compiling source file ..\..\..\..\..\of_v0.9.8_vs_release\addons\ofxOpenCv\src\ofxCvGrayscaleImage.cpp)
C:\of_v0.9.8_vs_release\libs\openFrameworks\math\ofMatrix4x4.h(325): warning C4267: 'argument': conversion from 'size_t' to 'int', possible loss of data (compiling source file ..\..\..\..\..\of_v0.9.8_vs_release\addons\ofxOpenCv\src\ofxCvGrayscaleImage.cpp)
C:\of_v0.9.8_vs_release\libs\openFrameworks\math\ofMatrix4x4.h(969): warning C4267: 'argument': conversion from 'size_t' to 'int', possible loss of data (compiling source file ..\..\..\..\..\of_v0.9.8_vs_release\addons\ofxOpenCv\src\ofxCvGrayscaleImage.cpp)
C:\of_v0.9.8_vs_release\libs\openFrameworks\math\ofMatrix4x4.h(970): warning C4267: 'argument': conversion from 'size_t' to 'int', possible loss of data (compiling source file ..\..\..\..\..\of_v0.9.8_vs_release\addons\ofxOpenCv\src\ofxCvGrayscaleImage.cpp)
C:\of_v0.9.8_vs_release\libs\openFrameworks\math\ofMatrix4x4.h(971): warning C4267: 'argument': conversion from 'size_t' to 'int', possible loss of data (compiling source file ..\..\..\..\..\of_v0.9.8_vs_release\addons\ofxOpenCv\src\ofxCvGrayscaleImage.cpp)
C:\of_v0.9.8_vs_release\libs\openFrameworks\math\ofMatrix4x4.h(972): warning C4267: 'argument': conversion from 'size_t' to 'int', possible loss of data (compiling source file ..\..\..\..\..\of_v0.9.8_vs_release\addons\ofxOpenCv\src\ofxCvGrayscaleImage.cpp)
C:\of_v0.9.8_vs_release\libs\openFrameworks\math\ofMatrix4x4.h(320): warning C4267: 'argument': conversion from 'size_t' to 'int', possible loss of data (compiling source file ..\..\..\..\..\of_v0.9.8_vs_release\addons\ofxOpenCv\src\ofxCvImage.cpp)
C:\of_v0.9.8_vs_release\libs\openFrameworks\math\ofMatrix4x4.h(325): warning C4267: 'argument': conversion from 'size_t' to 'int', possible loss of data (compiling source file ..\..\..\..\..\of_v0.9.8_vs_release\addons\ofxOpenCv\src\ofxCvImage.cpp)
C:\of_v0.9.8_vs_release\libs\openFrameworks\math\ofMatrix4x4.h(969): warning C4267: 'argument': conversion from 'size_t' to 'int', possible loss of data (compiling source file ..\..\..\..\..\of_v0.9.8_vs_release\addons\ofxOpenCv\src\ofxCvImage.cpp)
C:\of_v0.9.8_vs_release\libs\openFrameworks\math\ofMatrix4x4.h(970): warning C4267: 'argument': conversion from 'size_t' to 'int', possible loss of data (compiling source file ..\..\..\..\..\of_v0.9.8_vs_release\addons\ofxOpenCv\src\ofxCvImage.cpp)
C:\of_v0.9.8_vs_release\libs\openFrameworks\math\ofMatrix4x4.h(971): warning C4267: 'argument': conversion from 'size_t' to 'int', possible loss of data (compiling source file ..\..\..\..\..\of_v0.9.8_vs_release\addons\ofxOpenCv\src\ofxCvImage.cpp)
C:\of_v0.9.8_vs_release\libs\openFrameworks\math\ofMatrix4x4.h(972): warning C4267: 'argument': conversion from 'size_t' to 'int', possible loss of data (compiling source file ..\..\..\..\..\of_v0.9.8_vs_release\addons\ofxOpenCv\src\ofxCvImage.cpp)
  SpoutDirectX.cpp
  SpoutGLDXinterop.cpp
C:\of_v0.9.8_vs_release\libs\openFrameworks\math\ofMatrix4x4.h(320): warning C4267: 'argument': conversion from 'size_t' to 'int', possible loss of data (compiling source file ..\..\..\..\..\of_v0.9.8_vs_release\addons\ofxOpenCv\src\ofxCvShortImage.cpp)
C:\of_v0.9.8_vs_release\libs\openFrameworks\math\ofMatrix4x4.h(325): warning C4267: 'argument': conversion from 'size_t' to 'int', possible loss of data (compiling source file ..\..\..\..\..\of_v0.9.8_vs_release\addons\ofxOpenCv\src\ofxCvShortImage.cpp)
C:\of_v0.9.8_vs_release\libs\openFrameworks\math\ofMatrix4x4.h(969): warning C4267: 'argument': conversion from 'size_t' to 'int', possible loss of data (compiling source file ..\..\..\..\..\of_v0.9.8_vs_release\addons\ofxOpenCv\src\ofxCvShortImage.cpp)
C:\of_v0.9.8_vs_release\libs\openFrameworks\math\ofMatrix4x4.h(970): warning C4267: 'argument': conversion from 'size_t' to 'int', possible loss of data (compiling source file ..\..\..\..\..\of_v0.9.8_vs_release\addons\ofxOpenCv\src\ofxCvShortImage.cpp)
C:\of_v0.9.8_vs_release\libs\openFrameworks\math\ofMatrix4x4.h(971): warning C4267: 'argument': conversion from 'size_t' to 'int', possible loss of data (compiling source file ..\..\..\..\..\of_v0.9.8_vs_release\addons\ofxOpenCv\src\ofxCvShortImage.cpp)
C:\of_v0.9.8_vs_release\libs\openFrameworks\math\ofMatrix4x4.h(972): warning C4267: 'argument': conversion from 'size_t' to 'int', possible loss of data (compiling source file ..\..\..\..\..\of_v0.9.8_vs_release\addons\ofxOpenCv\src\ofxCvShortImage.cpp)
..\..\..\..\..\of_v0.9.8_vs_release\addons\ofxOpenCv\src\ofxCvContourFinder.cpp(142): warning C4267: '=': conversion from 'size_t' to 'int', possible loss of data
..\..\..\..\..\of_v0.9.8_vs_release\addons\ofxOpenCv\src\ofxCvContourFinder.cpp(146): warning C4267: '=': conversion from 'size_t' to 'int', possible loss of data
..\..\..\..\..\of_v0.9.8_vs_release\addons\ofxOpenCv\src\ofxCvHaarFinder.cpp(105): warning C4267: 'argument': conversion from 'size_t' to 'int', possible loss of data
..\..\..\..\..\of_v0.9.8_vs_release\addons\ofxOpenCv\src\ofxCvHaarFinder.cpp(110): warning C4267: 'argument': conversion from 'size_t' to 'int', possible loss of data
..\..\..\..\..\of_v0.9.8_vs_release\addons\ofxOpenCv\src\ofxCvImage.cpp(841): warning C4267: 'argument': conversion from 'size_t' to 'int', possible loss of data
..\..\..\..\..\of_v0.9.8_vs_release\addons\ofxOpenCv\src\ofxCvImage.cpp(846): warning C4267: 'argument': conversion from 'size_t' to 'int', possible loss of data
  SpoutGLextensions.cpp
..\..\..\..\..\of_v0.9.8_vs_release\addons\ofxSpout\libs\src\SpoutDirectX.cpp(545): warning C4996: 'GetVersion': was declared deprecated
  C:\Program Files (x86)\Windows Kits\8.1\Include\um\sysinfoapi.h(110): note: see declaration of 'GetVersion'
..\..\..\..\..\of_v0.9.8_vs_release\addons\ofxSpout\src\ofxSpout2Sender.cpp(21): warning C4267: 'initializing': conversion from 'size_t' to 'int', possible loss of data
..\..\..\..\..\of_v0.9.8_vs_release\addons\ofxSpout\libs\src\SpoutGLDXinterop.cpp(606): warning C4311: 'type cast': pointer truncation from 'HANDLE' to 'unsigned int'
..\..\..\..\..\of_v0.9.8_vs_release\addons\ofxSpout\libs\src\SpoutGLDXinterop.cpp(606): warning C4302: 'type cast': truncation from 'HANDLE' to 'unsigned int'
..\..\..\..\..\of_v0.9.8_vs_release\addons\ofxSpout\libs\src\SpoutGLDXinterop.cpp(773): warning C4477: 'printf' : format string '%x' requires an argument of type 'unsigned int', but variadic argument 1 has type 'void *'
..\..\..\..\..\of_v0.9.8_vs_release\addons\ofxSpout\libs\src\SpoutGLDXinterop.cpp(773): warning C4313: 'printf': '%x' in format string conflicts with argument 1 of type 'void *'
..\..\..\..\..\of_v0.9.8_vs_release\addons\ofxSpout\libs\src\SpoutGLDXinterop.cpp(975): warning C4311: 'type cast': pointer truncation from 'HANDLE' to 'int'
..\..\..\..\..\of_v0.9.8_vs_release\addons\ofxSpout\libs\src\SpoutGLDXinterop.cpp(975): warning C4302: 'type cast': truncation from 'HANDLE' to 'int'
..\..\..\..\..\of_v0.9.8_vs_release\addons\ofxSpout\libs\src\SpoutGLDXinterop.cpp(1015): warning C4312: 'type cast': conversion from 'unsigned int' to 'HANDLE' of greater size
  SpoutMemoryShare.cpp
..\..\..\..\..\of_v0.9.8_vs_release\addons\ofxSpout\libs\src\SpoutGLextensions.cpp(145): warning C4311: 'type cast': pointer truncation from 'PROC' to 'unsigned int'
..\..\..\..\..\of_v0.9.8_vs_release\addons\ofxSpout\libs\src\SpoutGLextensions.cpp(145): warning C4302: 'type cast': truncation from 'PROC' to 'unsigned int'
..\..\..\..\..\of_v0.9.8_vs_release\addons\ofxSpout\libs\src\SpoutGLextensions.cpp(145): warning C4312: 'type cast': conversion from 'unsigned int' to 'glBindFramebufferEXTPROC' of greater size
..\..\..\..\..\of_v0.9.8_vs_release\addons\ofxSpout\libs\src\SpoutGLextensions.cpp(146): warning C4311: 'type cast': pointer truncation from 'PROC' to 'unsigned int'
..\..\..\..\..\of_v0.9.8_vs_release\addons\ofxSpout\libs\src\SpoutGLextensions.cpp(146): warning C4302: 'type cast': truncation from 'PROC' to 'unsigned int'
..\..\..\..\..\of_v0.9.8_vs_release\addons\ofxSpout\libs\src\SpoutGLextensions.cpp(146): warning C4312: 'type cast': conversion from 'unsigned int' to 'glBindRenderbufferEXTPROC' of greater size
..\..\..\..\..\of_v0.9.8_vs_release\addons\ofxSpout\libs\src\SpoutGLextensions.cpp(147): warning C4311: 'type cast': pointer truncation from 'PROC' to 'unsigned int'
..\..\..\..\..\of_v0.9.8_vs_release\addons\ofxSpout\libs\src\SpoutGLextensions.cpp(147): warning C4302: 'type cast': truncation from 'PROC' to 'unsigned int'
..\..\..\..\..\of_v0.9.8_vs_release\addons\ofxSpout\libs\src\SpoutGLextensions.cpp(147): warning C4312: 'type cast': conversion from 'unsigned int' to 'glCheckFramebufferStatusEXTPROC' of greater size
..\..\..\..\..\of_v0.9.8_vs_release\addons\ofxSpout\libs\src\SpoutGLextensions.cpp(148): warning C4311: 'type cast': pointer truncation from 'PROC' to 'unsigned int'
..\..\..\..\..\of_v0.9.8_vs_release\addons\ofxSpout\libs\src\SpoutGLextensions.cpp(148): warning C4302: 'type cast': truncation from 'PROC' to 'unsigned int'
..\..\..\..\..\of_v0.9.8_vs_release\addons\ofxSpout\libs\src\SpoutGLextensions.cpp(148): warning C4312: 'type cast': conversion from 'unsigned int' to 'glDeleteFramebuffersEXTPROC' of greater size
..\..\..\..\..\of_v0.9.8_vs_release\addons\ofxSpout\libs\src\SpoutGLextensions.cpp(149): warning C4311: 'type cast': pointer truncation from 'PROC' to 'unsigned int'
..\..\..\..\..\of_v0.9.8_vs_release\addons\ofxSpout\libs\src\SpoutGLextensions.cpp(149): warning C4302: 'type cast': truncation from 'PROC' to 'unsigned int'
..\..\..\..\..\of_v0.9.8_vs_release\addons\ofxSpout\libs\src\SpoutGLextensions.cpp(149): warning C4312: 'type cast': conversion from 'unsigned int' to 'glDeleteRenderBuffersEXTPROC' of greater size
..\..\..\..\..\of_v0.9.8_vs_release\addons\ofxSpout\libs\src\SpoutGLextensions.cpp(150): warning C4311: 'type cast': pointer truncation from 'PROC' to 'unsigned int'
..\..\..\..\..\of_v0.9.8_vs_release\addons\ofxSpout\libs\src\SpoutGLextensions.cpp(150): warning C4302: 'type cast': truncation from 'PROC' to 'unsigned int'
..\..\..\..\..\of_v0.9.8_vs_release\addons\ofxSpout\libs\src\SpoutGLextensions.cpp(150): warning C4312: 'type cast': conversion from 'unsigned int' to 'glFramebufferRenderbufferEXTPROC' of greater size
..\..\..\..\..\of_v0.9.8_vs_release\addons\ofxSpout\libs\src\SpoutGLextensions.cpp(151): warning C4311: 'type cast': pointer truncation from 'PROC' to 'unsigned int'
..\..\..\..\..\of_v0.9.8_vs_release\addons\ofxSpout\libs\src\SpoutGLextensions.cpp(151): warning C4302: 'type cast': truncation from 'PROC' to 'unsigned int'
..\..\..\..\..\of_v0.9.8_vs_release\addons\ofxSpout\libs\src\SpoutGLextensions.cpp(151): warning C4312: 'type cast': conversion from 'unsigned int' to 'glFramebufferTexture1DEXTPROC' of greater size
..\..\..\..\..\of_v0.9.8_vs_release\addons\ofxSpout\libs\src\SpoutGLextensions.cpp(152): warning C4311: 'type cast': pointer truncation from 'PROC' to 'unsigned int'
..\..\..\..\..\of_v0.9.8_vs_release\addons\ofxSpout\libs\src\SpoutGLextensions.cpp(152): warning C4302: 'type cast': truncation from 'PROC' to 'unsigned int'
..\..\..\..\..\of_v0.9.8_vs_release\addons\ofxSpout\libs\src\SpoutGLextensions.cpp(152): warning C4312: 'type cast': conversion from 'unsigned int' to 'glFramebufferTexture2DEXTPROC' of greater size
..\..\..\..\..\of_v0.9.8_vs_release\addons\ofxSpout\libs\src\SpoutGLextensions.cpp(153): warning C4311: 'type cast': pointer truncation from 'PROC' to 'unsigned int'
..\..\..\..\..\of_v0.9.8_vs_release\addons\ofxSpout\libs\src\SpoutGLextensions.cpp(153): warning C4302: 'type cast': truncation from 'PROC' to 'unsigned int'
..\..\..\..\..\of_v0.9.8_vs_release\addons\ofxSpout\libs\src\SpoutGLextensions.cpp(153): warning C4312: 'type cast': conversion from 'unsigned int' to 'glFramebufferTexture3DEXTPROC' of greater size
..\..\..\..\..\of_v0.9.8_vs_release\addons\ofxSpout\libs\src\SpoutGLextensions.cpp(154): warning C4311: 'type cast': pointer truncation from 'PROC' to 'unsigned int'
..\..\..\..\..\of_v0.9.8_vs_release\addons\ofxSpout\libs\src\SpoutGLextensions.cpp(154): warning C4302: 'type cast': truncation from 'PROC' to 'unsigned int'
..\..\..\..\..\of_v0.9.8_vs_release\addons\ofxSpout\libs\src\SpoutGLextensions.cpp(154): warning C4312: 'type cast': conversion from 'unsigned int' to 'glGenFramebuffersEXTPROC' of greater size
..\..\..\..\..\of_v0.9.8_vs_release\addons\ofxSpout\libs\src\SpoutGLextensions.cpp(155): warning C4311: 'type cast': pointer truncation from 'PROC' to 'unsigned int'
..\..\..\..\..\of_v0.9.8_vs_release\addons\ofxSpout\libs\src\SpoutGLextensions.cpp(155): warning C4302: 'type cast': truncation from 'PROC' to 'unsigned int'
..\..\..\..\..\of_v0.9.8_vs_release\addons\ofxSpout\libs\src\SpoutGLextensions.cpp(155): warning C4312: 'type cast': conversion from 'unsigned int' to 'glGenRenderbuffersEXTPROC' of greater size
..\..\..\..\..\of_v0.9.8_vs_release\addons\ofxSpout\libs\src\SpoutGLextensions.cpp(156): warning C4311: 'type cast': pointer truncation from 'PROC' to 'unsigned int'
..\..\..\..\..\of_v0.9.8_vs_release\addons\ofxSpout\libs\src\SpoutGLextensions.cpp(156): warning C4302: 'type cast': truncation from 'PROC' to 'unsigned int'
..\..\..\..\..\of_v0.9.8_vs_release\addons\ofxSpout\libs\src\SpoutGLextensions.cpp(156): warning C4312: 'type cast': conversion from 'unsigned int' to 'glGenerateMipmapEXTPROC' of greater size
..\..\..\..\..\of_v0.9.8_vs_release\addons\ofxSpout\libs\src\SpoutGLextensions.cpp(157): warning C4311: 'type cast': pointer truncation from 'PROC' to 'unsigned int'
..\..\..\..\..\of_v0.9.8_vs_release\addons\ofxSpout\libs\src\SpoutGLextensions.cpp(157): warning C4302: 'type cast': truncation from 'PROC' to 'unsigned int'
..\..\..\..\..\of_v0.9.8_vs_release\addons\ofxSpout\libs\src\SpoutGLextensions.cpp(157): warning C4312: 'type cast': conversion from 'unsigned int' to 'glGetFramebufferAttachmentParameterivEXTPROC' of greater size
..\..\..\..\..\of_v0.9.8_vs_release\addons\ofxSpout\libs\src\SpoutGLextensions.cpp(158): warning C4311: 'type cast': pointer truncation from 'PROC' to 'unsigned int'
..\..\..\..\..\of_v0.9.8_vs_release\addons\ofxSpout\libs\src\SpoutGLextensions.cpp(158): warning C4302: 'type cast': truncation from 'PROC' to 'unsigned int'
..\..\..\..\..\of_v0.9.8_vs_release\addons\ofxSpout\libs\src\SpoutGLextensions.cpp(158): warning C4312: 'type cast': conversion from 'unsigned int' to 'glGetRenderbufferParameterivEXTPROC' of greater size
..\..\..\..\..\of_v0.9.8_vs_release\addons\ofxSpout\libs\src\SpoutGLextensions.cpp(159): warning C4311: 'type cast': pointer truncation from 'PROC' to 'unsigned int'
..\..\..\..\..\of_v0.9.8_vs_release\addons\ofxSpout\libs\src\SpoutGLextensions.cpp(159): warning C4302: 'type cast': truncation from 'PROC' to 'unsigned int'
..\..\..\..\..\of_v0.9.8_vs_release\addons\ofxSpout\libs\src\SpoutGLextensions.cpp(159): warning C4312: 'type cast': conversion from 'unsigned int' to 'glIsFramebufferEXTPROC' of greater size
..\..\..\..\..\of_v0.9.8_vs_release\addons\ofxSpout\libs\src\SpoutGLextensions.cpp(160): warning C4311: 'type cast': pointer truncation from 'PROC' to 'unsigned int'
..\..\..\..\..\of_v0.9.8_vs_release\addons\ofxSpout\libs\src\SpoutGLextensions.cpp(160): warning C4302: 'type cast': truncation from 'PROC' to 'unsigned int'
..\..\..\..\..\of_v0.9.8_vs_release\addons\ofxSpout\libs\src\SpoutGLextensions.cpp(160): warning C4312: 'type cast': conversion from 'unsigned int' to 'glIsRenderbufferEXTPROC' of greater size
..\..\..\..\..\of_v0.9.8_vs_release\addons\ofxSpout\libs\src\SpoutGLextensions.cpp(161): warning C4311: 'type cast': pointer truncation from 'PROC' to 'unsigned int'
..\..\..\..\..\of_v0.9.8_vs_release\addons\ofxSpout\libs\src\SpoutGLextensions.cpp(161): warning C4302: 'type cast': truncation from 'PROC' to 'unsigned int'
..\..\..\..\..\of_v0.9.8_vs_release\addons\ofxSpout\libs\src\SpoutGLextensions.cpp(161): warning C4312: 'type cast': conversion from 'unsigned int' to 'glRenderbufferStorageEXTPROC' of greater size
  SpoutReceiver.cpp
  SpoutSDK.cpp
  SpoutSender.cpp
  SpoutSenderNames.cpp
  SpoutSharedMemory.cpp
..\..\..\..\..\of_v0.9.8_vs_release\addons\ofxSpout\libs\src\SpoutSenderNames.cpp(375): warning C4312: 'type cast': conversion from 'unsigned int' to 'HANDLE' of greater size
..\..\..\..\..\of_v0.9.8_vs_release\addons\ofxSpout\libs\src\SpoutSenderNames.cpp(411): warning C4311: 'type cast': pointer truncation from 'HANDLE' to 'unsigned int'
..\..\..\..\..\of_v0.9.8_vs_release\addons\ofxSpout\libs\src\SpoutSenderNames.cpp(411): warning C4302: 'type cast': truncation from 'HANDLE' to 'unsigned int'
..\..\..\..\..\of_v0.9.8_vs_release\addons\ofxSpout\libs\src\SpoutSenderNames.cpp(516): warning C4312: 'type cast': conversion from 'unsigned int' to 'HANDLE' of greater size
..\..\..\..\..\of_v0.9.8_vs_release\addons\ofxSpout\libs\src\SpoutSenderNames.cpp(615): warning C4312: 'type cast': conversion from 'unsigned int' to 'HANDLE' of greater size
..\..\..\..\..\of_v0.9.8_vs_release\addons\ofxSpout\libs\src\SpoutSenderNames.cpp(652): warning C4312: 'type cast': conversion from 'unsigned int' to 'HANDLE' of greater size
..\..\..\..\..\of_v0.9.8_vs_release\addons\ofxSpout\libs\src\SpoutSenderNames.cpp(925): warning C4477: 'printf' : format string '%d' requires an argument of type 'int', but variadic argument 1 has type 'unsigned __int64'
  ..\..\..\..\..\of_v0.9.8_vs_release\addons\ofxSpout\libs\src\SpoutSenderNames.cpp(925): note: consider using '%zd' in the format string
     Creating library bin\SPIKE_OPNE_STAIRS_debug.lib and object bin\SPIKE_OPNE_STAIRS_debug.exp
  SPIKE_OPNE_STAIRS.vcxproj -> C:\Users\SHOP PC5\Documents\oF\SPIKE_OPNE_STAIRS\bin\SPIKE_OPNE_STAIRS_debug.exe
  SPIKE_OPNE_STAIRS.vcxproj -> bin\SPIKE_OPNE_STAIRS_debug.pdb (Full PDB)
  
  	                   9	C:\of_v0.9.8_vs_release\export\vs\x64\
  	  *EXTRA File 		 1266176	C:\Users\SHOP PC5\Documents\oF\SPIKE_OPNE_STAIRS\bin\fmodex.dll
  	  *EXTRA File 		 1312768	C:\Users\SHOP PC5\Documents\oF\SPIKE_OPNE_STAIRS\bin\fmodexL.dll
