  main.cpp
  ofApp.cpp
  StepsGrid.cpp
C:\of_v0.9.8_vs_release\libs\openFrameworks\math\ofMatrix4x4.h(320): warning C4267: 'argument': conversion from 'size_t' to 'int', possible loss of data (compiling source file src\ofApp.cpp)
C:\of_v0.9.8_vs_release\libs\openFrameworks\math\ofMatrix4x4.h(325): warning C4267: 'argument': conversion from 'size_t' to 'int', possible loss of data (compiling source file src\ofApp.cpp)
C:\of_v0.9.8_vs_release\libs\openFrameworks\math\ofMatrix4x4.h(320): warning C4267: 'argument': conversion from 'size_t' to 'int', possible loss of data (compiling source file src\StepsGrid.cpp)
C:\of_v0.9.8_vs_release\libs\openFrameworks\math\ofMatrix4x4.h(325): warning C4267: 'argument': conversion from 'size_t' to 'int', possible loss of data (compiling source file src\StepsGrid.cpp)
C:\of_v0.9.8_vs_release\libs\openFrameworks\math\ofMatrix4x4.h(320): warning C4267: 'argument': conversion from 'size_t' to 'int', possible loss of data (compiling source file src\main.cpp)
C:\of_v0.9.8_vs_release\libs\openFrameworks\math\ofMatrix4x4.h(325): warning C4267: 'argument': conversion from 'size_t' to 'int', possible loss of data (compiling source file src\main.cpp)
C:\of_v0.9.8_vs_release\libs\openFrameworks\math\ofMatrix4x4.h(969): warning C4267: 'argument': conversion from 'size_t' to 'int', possible loss of data (compiling source file src\ofApp.cpp)
C:\of_v0.9.8_vs_release\libs\openFrameworks\math\ofMatrix4x4.h(970): warning C4267: 'argument': conversion from 'size_t' to 'int', possible loss of data (compiling source file src\ofApp.cpp)
C:\of_v0.9.8_vs_release\libs\openFrameworks\math\ofMatrix4x4.h(971): warning C4267: 'argument': conversion from 'size_t' to 'int', possible loss of data (compiling source file src\ofApp.cpp)
C:\of_v0.9.8_vs_release\libs\openFrameworks\math\ofMatrix4x4.h(972): warning C4267: 'argument': conversion from 'size_t' to 'int', possible loss of data (compiling source file src\ofApp.cpp)
C:\of_v0.9.8_vs_release\libs\openFrameworks\math\ofMatrix4x4.h(969): warning C4267: 'argument': conversion from 'size_t' to 'int', possible loss of data (compiling source file src\StepsGrid.cpp)
C:\of_v0.9.8_vs_release\libs\openFrameworks\math\ofMatrix4x4.h(970): warning C4267: 'argument': conversion from 'size_t' to 'int', possible loss of data (compiling source file src\StepsGrid.cpp)
C:\of_v0.9.8_vs_release\libs\openFrameworks\math\ofMatrix4x4.h(971): warning C4267: 'argument': conversion from 'size_t' to 'int', possible loss of data (compiling source file src\StepsGrid.cpp)
C:\of_v0.9.8_vs_release\libs\openFrameworks\math\ofMatrix4x4.h(972): warning C4267: 'argument': conversion from 'size_t' to 'int', possible loss of data (compiling source file src\StepsGrid.cpp)
C:\of_v0.9.8_vs_release\libs\openFrameworks\math\ofMatrix4x4.h(969): warning C4267: 'argument': conversion from 'size_t' to 'int', possible loss of data (compiling source file src\main.cpp)
C:\of_v0.9.8_vs_release\libs\openFrameworks\math\ofMatrix4x4.h(970): warning C4267: 'argument': conversion from 'size_t' to 'int', possible loss of data (compiling source file src\main.cpp)
C:\of_v0.9.8_vs_release\libs\openFrameworks\math\ofMatrix4x4.h(971): warning C4267: 'argument': conversion from 'size_t' to 'int', possible loss of data (compiling source file src\main.cpp)
C:\of_v0.9.8_vs_release\libs\openFrameworks\math\ofMatrix4x4.h(972): warning C4267: 'argument': conversion from 'size_t' to 'int', possible loss of data (compiling source file src\main.cpp)
     Creating library bin\SPIKE_OPEN_FOOTSTEPS.lib and object bin\SPIKE_OPEN_FOOTSTEPS.exp
  LINK : /LTCG specified but no code generation required; remove /LTCG from the link command line to improve linker performance
  SPIKE_OPEN_FOOTSTEPS.vcxproj -> C:\of_v0.9.8_vs_release\apps\myApps\SPIKE_OPEN_FOOTSTEPS\bin\SPIKE_OPEN_FOOTSTEPS.exe
  
  	                   9	C:\of_v0.9.8_vs_release\export\vs\x64\
